<?xml version="1.0" encoding="UTF-8"?>
<testng-results skipped="0" failed="0" total="1" passed="1">
  <reporter-output>
  </reporter-output>
  <suite name="Default suite" duration-ms="9601" started-at="2019-07-03T13:47:21Z" finished-at="2019-07-03T13:47:31Z">
    <groups>
    </groups>
    <test name="Default test" duration-ms="9601" started-at="2019-07-03T13:47:21Z" finished-at="2019-07-03T13:47:31Z">
      <class name="eBotTest.FormValidationTest">
        <test-method status="PASS" signature="beforeMethod()[pri:0, instance:eBotTest.FormValidationTest@649d209a]" name="beforeMethod" is-config="true" duration-ms="7411" started-at="2019-07-03T15:47:21Z" finished-at="2019-07-03T15:47:29Z">
          <reporter-output>
          </reporter-output>
        </test-method> <!-- beforeMethod -->
        <test-method status="PASS" signature="blankDataTest()[pri:0, instance:eBotTest.FormValidationTest@649d209a]" name="blankDataTest" duration-ms="1530" started-at="2019-07-03T15:47:29Z" finished-at="2019-07-03T15:47:30Z">
          <reporter-output>
          </reporter-output>
        </test-method> <!-- blankDataTest -->
        <test-method status="PASS" signature="afterMethod()[pri:0, instance:eBotTest.FormValidationTest@649d209a]" name="afterMethod" is-config="true" duration-ms="642" started-at="2019-07-03T15:47:30Z" finished-at="2019-07-03T15:47:31Z">
          <reporter-output>
          </reporter-output>
        </test-method> <!-- afterMethod -->
      </class> <!-- eBotTest.FormValidationTest -->
    </test> <!-- Default test -->
  </suite> <!-- Default suite -->
</testng-results>
